


ARM Macro Assembler    Page 1 


    1 00000000         ;/****************************************  2015-05-28  
                       **************************************************
    2 00000000         ;**                               
    3 00000000         ;**                                   XY Embeded Lib.
    4 00000000         ;**                               
    5 00000000         ;**
    6 00000000         ;**--------------File Info------------------------------
                       -------------------------------------------------
    7 00000000         ;** File name:   VIC_INT_CTRL.h
    8 00000000         ;** Last modified Date:  2015-05-28
    9 00000000         ;** Last Version:  1.0
   10 00000000         ;** Descriptions:  Define the extern Functions can be us
                       ed in user's code for CPU INT control.
   11 00000000         ;*******************************************************
                       *************************************************/
   12 00000000         ; Standard definitions of Mode bits and Interrupt (I & F
                       ) flags in PSRs
   13 00000000         
   14 00000000 00000010 
                       Mode_USR
                               EQU              0x10
   15 00000000 00000011 
                       Mode_FIQ
                               EQU              0x11
   16 00000000 00000012 
                       Mode_IRQ
                               EQU              0x12
   17 00000000 00000013 
                       Mode_SVC
                               EQU              0x13
   18 00000000 00000017 
                       Mode_ABT
                               EQU              0x17
   19 00000000 0000001B 
                       Mode_UND
                               EQU              0x1B
   20 00000000 0000001F 
                       Mode_SYS
                               EQU              0x1F
   21 00000000         
   22 00000000 00000080 
                       I_Bit   EQU              0x80        ; when I bit is set
                                                            , IRQ is disabled
   23 00000000 00000040 
                       F_Bit   EQU              0x40        ; when F bit is set
                                                            , FIQ is disabled
   24 00000000         
   25 00000000                 AREA             CPU_INT_CTRL, CODE, READONLY
   26 00000000                 ARM
   27 00000000         
   28 00000000         ; Add belowe code by XY ZQL 2015-05-28 PM
   29 00000000                 EXPORT           IRQDisable
   30 00000000                 EXPORT           IRQEnable
   31 00000000                 EXPORT           FIQDisable
   32 00000000                 EXPORT           FIQEnable
   33 00000000         
   34 00000000         IRQDisable
   35 00000000         ;Disable CPU IRQ
   36 00000000 E14F0000        MRS              R0, SPSR



ARM Macro Assembler    Page 2 


   37 00000004 E3800080        ORR              R0, R0, #I_Bit
   38 00000008 E161F000        MSR              SPSR_c, R0
   39 0000000C E1B0F00E        MOVS             PC, LR
   40 00000010         
   41 00000010         IRQEnable
   42 00000010         ;Enable CPU IRQ
   43 00000010 E14F0000        MRS              R0, SPSR
   44 00000014 E3C00080        BIC              R0, R0, #I_Bit
   45 00000018 E161F000        MSR              SPSR_c, R0
   46 0000001C E1B0F00E        MOVS             PC, LR
   47 00000020         
   48 00000020         FIQDisable
   49 00000020         ;Disable CPU FIQ
   50 00000020 E14F0000        MRS              R0, SPSR
   51 00000024 E3800040        ORR              R0, R0, #F_Bit
   52 00000028 E161F000        MSR              SPSR_c, R0
   53 0000002C E1B0F00E        MOVS             PC, LR
   54 00000030         
   55 00000030         FIQEnable
   56 00000030         ;Enable CPU FIQ
   57 00000030 E14F0000        MRS              R0, SPSR
   58 00000034 E3C00040        BIC              R0, R0, #F_Bit
   59 00000038 E161F000        MSR              SPSR_c, R0
   60 0000003C E1B0F00E        MOVS             PC, LR
   61 00000040         
   62 00000040                 END
Command Line: --debug --xref --diag_suppress=9931 --apcs=interwork --depend=.\o
bjects\vic_int_ctrl.d -o.\objects\vic_int_ctrl.o -ID:\softs\Keil_v5\ARM\RV31\IN
C -ID:\softs\Keil_v5\ARM\INC\Philips --predefine="__UVISION_VERSION SETA 536" -
-list=.\listings\vic_int_ctrl.lst Source\VIC_INT_CTRL.s



ARM Macro Assembler    Page 1 Alphabetic symbol ordering
Relocatable symbols

CPU_INT_CTRL 00000000

Symbol: CPU_INT_CTRL
   Definitions
      At line 25 in file Source\VIC_INT_CTRL.s
   Uses
      None
Comment: CPU_INT_CTRL unused
FIQDisable 00000020

Symbol: FIQDisable
   Definitions
      At line 48 in file Source\VIC_INT_CTRL.s
   Uses
      At line 31 in file Source\VIC_INT_CTRL.s
Comment: FIQDisable used once
FIQEnable 00000030

Symbol: FIQEnable
   Definitions
      At line 55 in file Source\VIC_INT_CTRL.s
   Uses
      At line 32 in file Source\VIC_INT_CTRL.s
Comment: FIQEnable used once
IRQDisable 00000000

Symbol: IRQDisable
   Definitions
      At line 34 in file Source\VIC_INT_CTRL.s
   Uses
      At line 29 in file Source\VIC_INT_CTRL.s
Comment: IRQDisable used once
IRQEnable 00000010

Symbol: IRQEnable
   Definitions
      At line 41 in file Source\VIC_INT_CTRL.s
   Uses
      At line 30 in file Source\VIC_INT_CTRL.s
Comment: IRQEnable used once
5 symbols



ARM Macro Assembler    Page 1 Alphabetic symbol ordering
Absolute symbols

F_Bit 00000040

Symbol: F_Bit
   Definitions
      At line 23 in file Source\VIC_INT_CTRL.s
   Uses
      At line 51 in file Source\VIC_INT_CTRL.s
      At line 58 in file Source\VIC_INT_CTRL.s

I_Bit 00000080

Symbol: I_Bit
   Definitions
      At line 22 in file Source\VIC_INT_CTRL.s
   Uses
      At line 37 in file Source\VIC_INT_CTRL.s
      At line 44 in file Source\VIC_INT_CTRL.s

Mode_ABT 00000017

Symbol: Mode_ABT
   Definitions
      At line 18 in file Source\VIC_INT_CTRL.s
   Uses
      None
Comment: Mode_ABT unused
Mode_FIQ 00000011

Symbol: Mode_FIQ
   Definitions
      At line 15 in file Source\VIC_INT_CTRL.s
   Uses
      None
Comment: Mode_FIQ unused
Mode_IRQ 00000012

Symbol: Mode_IRQ
   Definitions
      At line 16 in file Source\VIC_INT_CTRL.s
   Uses
      None
Comment: Mode_IRQ unused
Mode_SVC 00000013

Symbol: Mode_SVC
   Definitions
      At line 17 in file Source\VIC_INT_CTRL.s
   Uses
      None
Comment: Mode_SVC unused
Mode_SYS 0000001F

Symbol: Mode_SYS
   Definitions
      At line 20 in file Source\VIC_INT_CTRL.s
   Uses
      None
Comment: Mode_SYS unused
Mode_UND 0000001B



ARM Macro Assembler    Page 2 Alphabetic symbol ordering
Absolute symbols


Symbol: Mode_UND
   Definitions
      At line 19 in file Source\VIC_INT_CTRL.s
   Uses
      None
Comment: Mode_UND unused
Mode_USR 00000010

Symbol: Mode_USR
   Definitions
      At line 14 in file Source\VIC_INT_CTRL.s
   Uses
      None
Comment: Mode_USR unused
9 symbols
345 symbols in table
